Логировано изменение профиля для пользователя pilotleo: имя: Сергей, фамилия: Сергеев, город: г Москва, дата рождения: 2000-07-29, аватарка: avatars/vgif-ru-Гэндальф_смеется.gif
Ошибка логирования отправки email: Insert data column count does not match column names
Ошибка логирования подтверждения email: Insert data column count does not match column names
Ошибка логирования отправки email: Insert data column count does not match column names
Ошибка логирования подтверждения email: Insert data column count does not match column names
ClickHouse подключен успешно
ClickHouse подключен успешно
ClickHouse подключен успешно
ClickHouse подключен успешно
ClickHouse подключен успешно
Таблицы ClickHouse созданы успешно
ClickHouse подключен успешно
Таблицы ClickHouse созданы успешно
ClickHouse подключен успешно
ClickHouse подключен успешно
Таблицы ClickHouse созданы успешно
Таблицы ClickHouse созданы успешно
Ошибка получения статистики регистраций: Attempt to execute concurrent queries within the same session.Please use a separate client instance per thread/process.
Ошибка получения статистики уникальных пользователей: Attempt to execute concurrent queries within the same session.Please use a separate client instance per thread/process.
Ошибка получения событий: Attempt to execute concurrent queries within the same session.Please use a separate client instance per thread/process.
Ошибка получения общей статистики: Attempt to execute concurrent queries within the same session.Please use a separate client instance per thread/process.
Ошибка получения статистики email: Attempt to execute concurrent queries within the same session.Please use a separate client instance per thread/process.
Ошибка получения статистики регистраций: Attempt to execute concurrent queries within the same session.Please use a separate client instance per thread/process.
Ошибка получения статистики уникальных пользователей: Attempt to execute concurrent queries within the same session.Please use a separate client instance per thread/process.
Ошибка получения событий: Attempt to execute concurrent queries within the same session.Please use a separate client instance per thread/process.
Ошибка получения общей статистики: Attempt to execute concurrent queries within the same session.Please use a separate client instance per thread/process.
Ошибка получения статистики регистраций: Attempt to execute concurrent queries within the same session.Please use a separate client instance per thread/process.
Ошибка получения статистики уникальных пользователей: Attempt to execute concurrent queries within the same session.Please use a separate client instance per thread/process.
Ошибка получения событий: Attempt to execute concurrent queries within the same session.Please use a separate client instance per thread/process.
Ошибка получения общей статистики: Attempt to execute concurrent queries within the same session.Please use a separate client instance per thread/process.
